2011/12/14 08:12:26: Application started
2011/12/14 08:12:26: Preferences:
2011/12/14 08:12:26: rawStreamsEnabledPref: false
2011/12/14 08:12:26: rootPathPref: /mnt/sdcard/HumDynLog
2011/12/14 08:12:26: uploadIntervalMinsPref: 60
2011/12/14 08:12:26: useMobileInternetPref: false
2011/12/14 08:12:26: userIDPref: DEFAULT
2011/12/14 08:12:26: uniqueID: LGE LGE A0000028AF9C96
2011/12/14 08:12:26: SD card ready with 3.83Gb free
2011/12/14 08:12:26: Battery level now 70%
2011/12/14 08:12:26: Using WiFi internet
2011/12/14 08:12:27: No sessions pending upload
2011/12/14 12:19:09: Application started
2011/12/14 12:19:09: Preferences:
2011/12/14 12:19:09: rawStreamsEnabledPref: false
2011/12/14 12:19:09: rootPathPref: /mnt/sdcard/HumDynLog
2011/12/14 12:19:09: uploadIntervalMinsPref: 60
2011/12/14 12:19:09: useMobileInternetPref: false
2011/12/14 12:19:09: userIDPref: DEFAULT
2011/12/14 12:19:09: uniqueID: LGE LGE A0000028AF9C96
2011/12/14 12:19:09: SD card ready with 3.83Gb free
2011/12/14 12:19:09: Battery level now 69%
2011/12/14 12:19:09: Using WiFi internet
2011/12/14 12:19:09: No sessions pending upload
